<?xml version="1.0" encoding="UTF-8"?>
<testng-results total="1" passed="1" failed="0" skipped="0">
  <reporter-output>
  </reporter-output>
  <suite started-at="2023-01-07T19:00:18Z" name="Default suite" finished-at="2023-01-07T19:00:42Z" duration-ms="24050">
    <groups>
    </groups>
    <test started-at="2023-01-07T19:00:18Z" name="Default test" finished-at="2023-01-07T19:00:42Z" duration-ms="24050">
      <class name="com.testng.seleniumDemo">
        <test-method signature="f()[pri:0, instance:com.testng.seleniumDemo@6cb6decd]" started-at="2023-01-08T00:30:18Z" name="f" finished-at="2023-01-08T00:30:42Z" duration-ms="24035" status="PASS">
          <reporter-output>
          </reporter-output>
        </test-method> <!-- f -->
      </class> <!-- com.testng.seleniumDemo -->
    </test> <!-- Default test -->
  </suite> <!-- Default suite -->
</testng-results>
