<?xml version="1.0" encoding="UTF-8"?>
<!-- Generated by org.testng.reporters.JUnitXMLReporter -->
<testsuite ignored="0" hostname="LAPTOP-O2VS9PN6" failures="0" tests="3" name="Parallel Tests" time="0.115" errors="0" timestamp="2023-06-07T12:43:43 IST">
  <testcase classname="com.testngexample.AllAnnotationTest_PersonalLoan" name="personalLoan" time="0.017"/>
  <testcase classname="com.testngexample.AllAnnotationTest_HomeLoan" name="homeLoan" time="0.015"/>
  <testcase classname="com.testngexample.AllAnnotationTest_CarLoan" name="carLoan" time="0.011"/>
</testsuite> <!-- Parallel Tests -->
