<?xml version="1.0" encoding="UTF-8"?>
<!-- Generated by org.testng.reporters.JUnitXMLReporter -->
<testsuite hostname="LAPTOP-O2VS9PN6" failures="0" tests="14" name="Parallel Tests" time="0.082" errors="0" timestamp="29 Dec 2022 18:15:32 GMT">
  <testcase classname="com.testng.NewTest3" name="afterSuite" time="0.009"/>
  <testcase classname="com.testng.NewTest3" name="afterSuite" time="0.013"/>
  <testcase classname="com.testng.NewTest1" name="f" time="0.011"/>
  <testcase classname="com.testng.NewTest2" name="f" time="0.016"/>
  <testcase classname="com.testng.NewTest3" name="afterSuite" time="0.001"/>
  <testcase classname="com.testng.NewTest3" name="afterSuite" time="0.001"/>
  <testcase classname="com.testng.NewTest3" name="afterSuite" time="0.004"/>
  <testcase classname="com.testng.NewTest3" name="afterSuite" time="0.001"/>
  <testcase classname="com.testng.NewTest3" name="afterSuite" time="0.008"/>
  <testcase classname="com.testng.NewTest2" name="f" time="0.003"/>
  <testcase classname="com.testng.NewTest3" name="afterSuite" time="0.005"/>
  <testcase classname="com.testng.NewTest1" name="f" time="0.006"/>
  <testcase classname="com.testng.NewTest3" name="afterSuite" time="0.011"/>
  <testcase classname="com.testng.NewTest3" name="afterSuite" time="0.004"/>
</testsuite> <!-- Parallel Tests -->
