<?xml version="1.0" encoding="UTF-8"?>
<!-- Generated by org.testng.reporters.JUnitXMLReporter -->
<testsuite hostname="LAPTOP-O2VS9PN6" failures="0" tests="4" name="Test" time="0.037" errors="0" timestamp="28 Dec 2022 18:02:01 GMT">
  <testcase classname="com.testng.NewTest1" name="f" time="0.004"/>
  <testcase classname="com.testng.NewTest1" name="f" time="0.003"/>
  <testcase classname="com.testng.NewTest2" name="f" time="0.001"/>
  <testcase classname="com.testng.NewTest2" name="f" time="0.001"/>
</testsuite> <!-- Test -->
