<?xml version="1.0" encoding="UTF-8"?>
<!-- Generated by org.testng.reporters.JUnitXMLReporter -->
<testsuite hostname="LAPTOP-O2VS9PN6" failures="0" tests="4" name="Default test" time="17.052" errors="0" timestamp="30 Dec 2022 22:27:46 GMT">
  <testcase classname="com.testng.NewTest" name="f" time="9.597"/>
  <testcase classname="com.testng.NewTest" name="f" time="9.954"/>
  <testcase classname="com.testng.NewTest" name="f" time="7.154"/>
  <testcase classname="com.testng.NewTest" name="f" time="7.032"/>
</testsuite> <!-- Default test -->
